INFO:     Started server process [22670]
INFO:     Waiting for application startup.
INFO:     Application startup complete.
INFO:     Uvicorn running on http://0.0.0.0:8000 (Press CTRL+C to quit)
{"asctime": "2026-04-30 03:57:06,247", "levelname": "INFO", "name": "app.main", "message": "signals_per_5s=0"}
{"asctime": "2026-04-30 03:57:11,253", "levelname": "INFO", "name": "app.main", "message": "signals_per_5s=0"}
{"asctime": "2026-04-30 03:57:16,255", "levelname": "INFO", "name": "app.main", "message": "signals_per_5s=0"}
INFO:     127.0.0.1:49182 - "GET /api/incidents HTTP/1.1" 200 OK
{"asctime": "2026-04-30 03:57:21,257", "levelname": "INFO", "name": "app.main", "message": "signals_per_5s=0"}
{"asctime": "2026-04-30 03:57:26,259", "levelname": "INFO", "name": "app.main", "message": "signals_per_5s=0"}
{"asctime": "2026-04-30 03:57:31,264", "levelname": "INFO", "name": "app.main", "message": "signals_per_5s=0"}
{"asctime": "2026-04-30 03:57:36,271", "levelname": "INFO", "name": "app.main", "message": "signals_per_5s=0"}
{"asctime": "2026-04-30 03:57:41,274", "levelname": "INFO", "name": "app.main", "message": "signals_per_5s=0"}
{"asctime": "2026-04-30 03:57:46,278", "levelname": "INFO", "name": "app.main", "message": "signals_per_5s=0"}
{"asctime": "2026-04-30 03:57:51,283", "levelname": "INFO", "name": "app.main", "message": "signals_per_5s=0"}
{"asctime": "2026-04-30 03:57:56,286", "levelname": "INFO", "name": "app.main", "message": "signals_per_5s=0"}
{"asctime": "2026-04-30 03:58:01,288", "levelname": "INFO", "name": "app.main", "message": "signals_per_5s=0"}
{"asctime": "2026-04-30 03:58:06,293", "levelname": "INFO", "name": "app.main", "message": "signals_per_5s=0"}
{"asctime": "2026-04-30 03:58:11,298", "levelname": "INFO", "name": "app.main", "message": "signals_per_5s=0"}
{"asctime": "2026-04-30 03:58:16,304", "levelname": "INFO", "name": "app.main", "message": "signals_per_5s=0"}
{"asctime": "2026-04-30 03:58:21,309", "levelname": "INFO", "name": "app.main", "message": "signals_per_5s=0"}
{"asctime": "2026-04-30 03:58:26,314", "levelname": "INFO", "name": "app.main", "message": "signals_per_5s=0"}
{"asctime": "2026-04-30 03:58:31,320", "levelname": "INFO", "name": "app.main", "message": "signals_per_5s=0"}
{"asctime": "2026-04-30 03:58:36,324", "levelname": "INFO", "name": "app.main", "message": "signals_per_5s=0"}
{"asctime": "2026-04-30 03:58:41,327", "levelname": "INFO", "name": "app.main", "message": "signals_per_5s=0"}
{"asctime": "2026-04-30 03:58:46,331", "levelname": "INFO", "name": "app.main", "message": "signals_per_5s=0"}
{"asctime": "2026-04-30 03:58:51,336", "levelname": "INFO", "name": "app.main", "message": "signals_per_5s=0"}
{"asctime": "2026-04-30 03:58:56,342", "levelname": "INFO", "name": "app.main", "message": "signals_per_5s=0"}
{"asctime": "2026-04-30 03:59:01,350", "levelname": "INFO", "name": "app.main", "message": "signals_per_5s=0"}
{"asctime": "2026-04-30 03:59:06,354", "levelname": "INFO", "name": "app.main", "message": "signals_per_5s=0"}
{"asctime": "2026-04-30 03:59:11,359", "levelname": "INFO", "name": "app.main", "message": "signals_per_5s=0"}
{"asctime": "2026-04-30 03:59:16,365", "levelname": "INFO", "name": "app.main", "message": "signals_per_5s=0"}
{"asctime": "2026-04-30 03:59:21,369", "levelname": "INFO", "name": "app.main", "message": "signals_per_5s=0"}
{"asctime": "2026-04-30 03:59:26,375", "levelname": "INFO", "name": "app.main", "message": "signals_per_5s=0"}
{"asctime": "2026-04-30 03:59:31,379", "levelname": "INFO", "name": "app.main", "message": "signals_per_5s=0"}
{"asctime": "2026-04-30 03:59:36,386", "levelname": "INFO", "name": "app.main", "message": "signals_per_5s=0"}
{"asctime": "2026-04-30 03:59:41,391", "levelname": "INFO", "name": "app.main", "message": "signals_per_5s=0"}
{"asctime": "2026-04-30 03:59:46,397", "levelname": "INFO", "name": "app.main", "message": "signals_per_5s=0"}
{"asctime": "2026-04-30 03:59:51,403", "levelname": "INFO", "name": "app.main", "message": "signals_per_5s=0"}
{"asctime": "2026-04-30 03:59:56,408", "levelname": "INFO", "name": "app.main", "message": "signals_per_5s=0"}
{"asctime": "2026-04-30 04:00:01,414", "levelname": "INFO", "name": "app.main", "message": "signals_per_5s=0"}
{"asctime": "2026-04-30 04:00:06,418", "levelname": "INFO", "name": "app.main", "message": "signals_per_5s=0"}
{"asctime": "2026-04-30 04:00:11,421", "levelname": "INFO", "name": "app.main", "message": "signals_per_5s=0"}
{"asctime": "2026-04-30 04:00:16,427", "levelname": "INFO", "name": "app.main", "message": "signals_per_5s=0"}
{"asctime": "2026-04-30 04:00:21,430", "levelname": "INFO", "name": "app.main", "message": "signals_per_5s=0"}
{"asctime": "2026-04-30 04:00:26,433", "levelname": "INFO", "name": "app.main", "message": "signals_per_5s=0"}
{"asctime": "2026-04-30 04:00:31,436", "levelname": "INFO", "name": "app.main", "message": "signals_per_5s=0"}
{"asctime": "2026-04-30 04:00:36,441", "levelname": "INFO", "name": "app.main", "message": "signals_per_5s=0"}
{"asctime": "2026-04-30 04:00:41,445", "levelname": "INFO", "name": "app.main", "message": "signals_per_5s=0"}
{"asctime": "2026-04-30 04:00:46,451", "levelname": "INFO", "name": "app.main", "message": "signals_per_5s=0"}
{"asctime": "2026-04-30 04:00:51,455", "levelname": "INFO", "name": "app.main", "message": "signals_per_5s=0"}
{"asctime": "2026-04-30 04:00:56,462", "levelname": "INFO", "name": "app.main", "message": "signals_per_5s=0"}
{"asctime": "2026-04-30 04:01:01,467", "levelname": "INFO", "name": "app.main", "message": "signals_per_5s=0"}
{"asctime": "2026-04-30 04:01:06,472", "levelname": "INFO", "name": "app.main", "message": "signals_per_5s=0"}
{"asctime": "2026-04-30 04:01:11,477", "levelname": "INFO", "name": "app.main", "message": "signals_per_5s=0"}
{"asctime": "2026-04-30 04:01:16,483", "levelname": "INFO", "name": "app.main", "message": "signals_per_5s=0"}
{"asctime": "2026-04-30 04:01:21,487", "levelname": "INFO", "name": "app.main", "message": "signals_per_5s=0"}
{"asctime": "2026-04-30 04:01:26,492", "levelname": "INFO", "name": "app.main", "message": "signals_per_5s=0"}
{"asctime": "2026-04-30 04:01:31,496", "levelname": "INFO", "name": "app.main", "message": "signals_per_5s=0"}
{"asctime": "2026-04-30 04:01:36,501", "levelname": "INFO", "name": "app.main", "message": "signals_per_5s=0"}
{"asctime": "2026-04-30 04:01:41,510", "levelname": "INFO", "name": "app.main", "message": "signals_per_5s=0"}
{"asctime": "2026-04-30 04:01:46,515", "levelname": "INFO", "name": "app.main", "message": "signals_per_5s=0"}
{"asctime": "2026-04-30 04:01:51,520", "levelname": "INFO", "name": "app.main", "message": "signals_per_5s=0"}
{"asctime": "2026-04-30 04:01:56,527", "levelname": "INFO", "name": "app.main", "message": "signals_per_5s=0"}
{"asctime": "2026-04-30 04:02:01,531", "levelname": "INFO", "name": "app.main", "message": "signals_per_5s=0"}
{"asctime": "2026-04-30 04:02:06,534", "levelname": "INFO", "name": "app.main", "message": "signals_per_5s=0"}
{"asctime": "2026-04-30 04:02:11,542", "levelname": "INFO", "name": "app.main", "message": "signals_per_5s=0"}
{"asctime": "2026-04-30 04:02:16,547", "levelname": "INFO", "name": "app.main", "message": "signals_per_5s=0"}
{"asctime": "2026-04-30 04:02:21,553", "levelname": "INFO", "name": "app.main", "message": "signals_per_5s=0"}
{"asctime": "2026-04-30 04:02:26,559", "levelname": "INFO", "name": "app.main", "message": "signals_per_5s=0"}
{"asctime": "2026-04-30 04:02:31,563", "levelname": "INFO", "name": "app.main", "message": "signals_per_5s=0"}
{"asctime": "2026-04-30 04:02:36,569", "levelname": "INFO", "name": "app.main", "message": "signals_per_5s=0"}
{"asctime": "2026-04-30 04:02:41,575", "levelname": "INFO", "name": "app.main", "message": "signals_per_5s=0"}
{"asctime": "2026-04-30 04:02:46,580", "levelname": "INFO", "name": "app.main", "message": "signals_per_5s=0"}
{"asctime": "2026-04-30 04:02:51,586", "levelname": "INFO", "name": "app.main", "message": "signals_per_5s=0"}
{"asctime": "2026-04-30 04:02:56,591", "levelname": "INFO", "name": "app.main", "message": "signals_per_5s=0"}
{"asctime": "2026-04-30 04:03:01,596", "levelname": "INFO", "name": "app.main", "message": "signals_per_5s=0"}
{"asctime": "2026-04-30 04:03:06,600", "levelname": "INFO", "name": "app.main", "message": "signals_per_5s=0"}
{"asctime": "2026-04-30 04:03:11,606", "levelname": "INFO", "name": "app.main", "message": "signals_per_5s=0"}
{"asctime": "2026-04-30 04:03:16,615", "levelname": "INFO", "name": "app.main", "message": "signals_per_5s=0"}
{"asctime": "2026-04-30 04:03:21,620", "levelname": "INFO", "name": "app.main", "message": "signals_per_5s=0"}
{"asctime": "2026-04-30 04:03:26,624", "levelname": "INFO", "name": "app.main", "message": "signals_per_5s=0"}
{"asctime": "2026-04-30 04:03:31,628", "levelname": "INFO", "name": "app.main", "message": "signals_per_5s=0"}
{"asctime": "2026-04-30 04:03:36,633", "levelname": "INFO", "name": "app.main", "message": "signals_per_5s=0"}
INFO:     127.0.0.1:52620 - "GET /api/incidents HTTP/1.1" 200 OK
INFO:     127.0.0.1:52620 - "GET /favicon.ico HTTP/1.1" 404 Not Found
{"asctime": "2026-04-30 04:03:41,638", "levelname": "INFO", "name": "app.main", "message": "signals_per_5s=0"}
{"asctime": "2026-04-30 04:03:46,643", "levelname": "INFO", "name": "app.main", "message": "signals_per_5s=0"}
{"asctime": "2026-04-30 04:03:51,648", "levelname": "INFO", "name": "app.main", "message": "signals_per_5s=0"}
{"asctime": "2026-04-30 04:03:56,651", "levelname": "INFO", "name": "app.main", "message": "signals_per_5s=0"}
{"asctime": "2026-04-30 04:04:01,655", "levelname": "INFO", "name": "app.main", "message": "signals_per_5s=0"}
{"asctime": "2026-04-30 04:04:06,659", "levelname": "INFO", "name": "app.main", "message": "signals_per_5s=0"}
{"asctime": "2026-04-30 04:04:11,664", "levelname": "INFO", "name": "app.main", "message": "signals_per_5s=0"}
{"asctime": "2026-04-30 04:04:16,670", "levelname": "INFO", "name": "app.main", "message": "signals_per_5s=0"}
{"asctime": "2026-04-30 04:04:21,675", "levelname": "INFO", "name": "app.main", "message": "signals_per_5s=0"}
{"asctime": "2026-04-30 04:04:26,681", "levelname": "INFO", "name": "app.main", "message": "signals_per_5s=0"}
{"asctime": "2026-04-30 04:04:31,688", "levelname": "INFO", "name": "app.main", "message": "signals_per_5s=0"}
{"asctime": "2026-04-30 04:04:36,692", "levelname": "INFO", "name": "app.main", "message": "signals_per_5s=0"}
{"asctime": "2026-04-30 04:04:41,695", "levelname": "INFO", "name": "app.main", "message": "signals_per_5s=0"}
{"asctime": "2026-04-30 04:04:46,697", "levelname": "INFO", "name": "app.main", "message": "signals_per_5s=0"}
{"asctime": "2026-04-30 04:04:51,699", "levelname": "INFO", "name": "app.main", "message": "signals_per_5s=0"}
{"asctime": "2026-04-30 04:04:56,703", "levelname": "INFO", "name": "app.main", "message": "signals_per_5s=0"}
{"asctime": "2026-04-30 04:05:01,706", "levelname": "INFO", "name": "app.main", "message": "signals_per_5s=0"}
{"asctime": "2026-04-30 04:05:06,710", "levelname": "INFO", "name": "app.main", "message": "signals_per_5s=0"}
{"asctime": "2026-04-30 04:05:11,712", "levelname": "INFO", "name": "app.main", "message": "signals_per_5s=0"}
{"asctime": "2026-04-30 04:05:16,715", "levelname": "INFO", "name": "app.main", "message": "signals_per_5s=0"}
{"asctime": "2026-04-30 04:05:21,720", "levelname": "INFO", "name": "app.main", "message": "signals_per_5s=0"}
{"asctime": "2026-04-30 04:05:26,732", "levelname": "INFO", "name": "app.main", "message": "signals_per_5s=0"}
{"asctime": "2026-04-30 04:05:31,737", "levelname": "INFO", "name": "app.main", "message": "signals_per_5s=0"}
{"asctime": "2026-04-30 04:05:36,743", "levelname": "INFO", "name": "app.main", "message": "signals_per_5s=0"}
{"asctime": "2026-04-30 04:05:41,747", "levelname": "INFO", "name": "app.main", "message": "signals_per_5s=0"}
{"asctime": "2026-04-30 04:05:46,752", "levelname": "INFO", "name": "app.main", "message": "signals_per_5s=0"}
{"asctime": "2026-04-30 04:05:51,757", "levelname": "INFO", "name": "app.main", "message": "signals_per_5s=0"}
{"asctime": "2026-04-30 04:05:56,762", "levelname": "INFO", "name": "app.main", "message": "signals_per_5s=0"}
{"asctime": "2026-04-30 04:06:01,767", "levelname": "INFO", "name": "app.main", "message": "signals_per_5s=0"}
{"asctime": "2026-04-30 04:06:06,773", "levelname": "INFO", "name": "app.main", "message": "signals_per_5s=0"}
{"asctime": "2026-04-30 04:06:11,779", "levelname": "INFO", "name": "app.main", "message": "signals_per_5s=0"}
{"asctime": "2026-04-30 04:06:16,784", "levelname": "INFO", "name": "app.main", "message": "signals_per_5s=0"}
{"asctime": "2026-04-30 04:06:21,790", "levelname": "INFO", "name": "app.main", "message": "signals_per_5s=0"}
{"asctime": "2026-04-30 04:06:26,796", "levelname": "INFO", "name": "app.main", "message": "signals_per_5s=0"}
{"asctime": "2026-04-30 04:06:31,801", "levelname": "INFO", "name": "app.main", "message": "signals_per_5s=0"}
{"asctime": "2026-04-30 04:06:36,808", "levelname": "INFO", "name": "app.main", "message": "signals_per_5s=0"}
{"asctime": "2026-04-30 04:06:41,811", "levelname": "INFO", "name": "app.main", "message": "signals_per_5s=0"}
{"asctime": "2026-04-30 04:06:46,817", "levelname": "INFO", "name": "app.main", "message": "signals_per_5s=0"}
{"asctime": "2026-04-30 04:06:51,821", "levelname": "INFO", "name": "app.main", "message": "signals_per_5s=0"}
{"asctime": "2026-04-30 04:06:56,826", "levelname": "INFO", "name": "app.main", "message": "signals_per_5s=0"}
{"asctime": "2026-04-30 04:07:01,828", "levelname": "INFO", "name": "app.main", "message": "signals_per_5s=0"}
{"asctime": "2026-04-30 04:07:06,830", "levelname": "INFO", "name": "app.main", "message": "signals_per_5s=0"}
{"asctime": "2026-04-30 04:07:11,832", "levelname": "INFO", "name": "app.main", "message": "signals_per_5s=0"}
{"asctime": "2026-04-30 04:07:16,834", "levelname": "INFO", "name": "app.main", "message": "signals_per_5s=0"}
{"asctime": "2026-04-30 04:07:21,835", "levelname": "INFO", "name": "app.main", "message": "signals_per_5s=0"}
{"asctime": "2026-04-30 04:07:26,837", "levelname": "INFO", "name": "app.main", "message": "signals_per_5s=0"}
{"asctime": "2026-04-30 04:07:31,842", "levelname": "INFO", "name": "app.main", "message": "signals_per_5s=0"}
{"asctime": "2026-04-30 04:07:36,847", "levelname": "INFO", "name": "app.main", "message": "signals_per_5s=0"}
{"asctime": "2026-04-30 04:07:41,850", "levelname": "INFO", "name": "app.main", "message": "signals_per_5s=0"}
{"asctime": "2026-04-30 04:07:46,853", "levelname": "INFO", "name": "app.main", "message": "signals_per_5s=0"}
{"asctime": "2026-04-30 04:07:51,856", "levelname": "INFO", "name": "app.main", "message": "signals_per_5s=0"}
{"asctime": "2026-04-30 04:07:56,858", "levelname": "INFO", "name": "app.main", "message": "signals_per_5s=0"}
{"asctime": "2026-04-30 04:08:01,863", "levelname": "INFO", "name": "app.main", "message": "signals_per_5s=0"}
{"asctime": "2026-04-30 04:08:06,868", "levelname": "INFO", "name": "app.main", "message": "signals_per_5s=0"}
{"asctime": "2026-04-30 04:08:11,872", "levelname": "INFO", "name": "app.main", "message": "signals_per_5s=0"}
{"asctime": "2026-04-30 04:08:16,876", "levelname": "INFO", "name": "app.main", "message": "signals_per_5s=0"}
{"asctime": "2026-04-30 04:08:21,881", "levelname": "INFO", "name": "app.main", "message": "signals_per_5s=0"}
{"asctime": "2026-04-30 04:08:26,886", "levelname": "INFO", "name": "app.main", "message": "signals_per_5s=0"}
{"asctime": "2026-04-30 04:08:31,892", "levelname": "INFO", "name": "app.main", "message": "signals_per_5s=0"}
{"asctime": "2026-04-30 04:08:36,897", "levelname": "INFO", "name": "app.main", "message": "signals_per_5s=0"}
{"asctime": "2026-04-30 04:08:41,899", "levelname": "INFO", "name": "app.main", "message": "signals_per_5s=0"}
{"asctime": "2026-04-30 04:08:46,903", "levelname": "INFO", "name": "app.main", "message": "signals_per_5s=0"}
{"asctime": "2026-04-30 04:08:51,910", "levelname": "INFO", "name": "app.main", "message": "signals_per_5s=0"}
{"asctime": "2026-04-30 04:08:56,913", "levelname": "INFO", "name": "app.main", "message": "signals_per_5s=0"}
{"asctime": "2026-04-30 04:09:01,915", "levelname": "INFO", "name": "app.main", "message": "signals_per_5s=0"}
{"asctime": "2026-04-30 04:09:06,922", "levelname": "INFO", "name": "app.main", "message": "signals_per_5s=0"}
{"asctime": "2026-04-30 04:09:11,925", "levelname": "INFO", "name": "app.main", "message": "signals_per_5s=0"}
{"asctime": "2026-04-30 04:09:17,012", "levelname": "INFO", "name": "app.main", "message": "signals_per_5s=0"}
{"asctime": "2026-04-30 04:09:22,016", "levelname": "INFO", "name": "app.main", "message": "signals_per_5s=0"}
{"asctime": "2026-04-30 04:09:27,019", "levelname": "INFO", "name": "app.main", "message": "signals_per_5s=0"}
{"asctime": "2026-04-30 04:09:32,024", "levelname": "INFO", "name": "app.main", "message": "signals_per_5s=0"}
{"asctime": "2026-04-30 04:09:37,029", "levelname": "INFO", "name": "app.main", "message": "signals_per_5s=0"}
{"asctime": "2026-04-30 04:09:42,040", "levelname": "WARNING", "name": "app.main", "message": "metrics_logging_failed=Error 111 connecting to localhost:6380. Connection refused."}
{"asctime": "2026-04-30 04:09:47,044", "levelname": "WARNING", "name": "app.main", "message": "metrics_logging_failed=Error 111 connecting to localhost:6380. Connection refused."}
{"asctime": "2026-04-30 04:09:52,045", "levelname": "WARNING", "name": "app.main", "message": "metrics_logging_failed=Error 111 connecting to localhost:6380. Connection refused."}
{"asctime": "2026-04-30 04:09:57,048", "levelname": "WARNING", "name": "app.main", "message": "metrics_logging_failed=Error 111 connecting to localhost:6380. Connection refused."}
{"asctime": "2026-04-30 04:10:02,050", "levelname": "WARNING", "name": "app.main", "message": "metrics_logging_failed=Error 111 connecting to localhost:6380. Connection refused."}
{"asctime": "2026-04-30 04:10:07,051", "levelname": "WARNING", "name": "app.main", "message": "metrics_logging_failed=Error 111 connecting to localhost:6380. Connection refused."}
{"asctime": "2026-04-30 04:10:12,052", "levelname": "WARNING", "name": "app.main", "message": "metrics_logging_failed=Error 111 connecting to localhost:6380. Connection refused."}
{"asctime": "2026-04-30 04:10:17,056", "levelname": "WARNING", "name": "app.main", "message": "metrics_logging_failed=Error 111 connecting to localhost:6380. Connection refused."}
{"asctime": "2026-04-30 04:10:22,059", "levelname": "WARNING", "name": "app.main", "message": "metrics_logging_failed=Error 111 connecting to localhost:6380. Connection refused."}
{"asctime": "2026-04-30 04:10:27,062", "levelname": "WARNING", "name": "app.main", "message": "metrics_logging_failed=Error 111 connecting to localhost:6380. Connection refused."}
{"asctime": "2026-04-30 04:10:32,065", "levelname": "WARNING", "name": "app.main", "message": "metrics_logging_failed=Error 111 connecting to localhost:6380. Connection refused."}
{"asctime": "2026-04-30 04:10:37,067", "levelname": "WARNING", "name": "app.main", "message": "metrics_logging_failed=Error 111 connecting to localhost:6380. Connection refused."}
{"asctime": "2026-04-30 04:10:42,068", "levelname": "WARNING", "name": "app.main", "message": "metrics_logging_failed=Error 111 connecting to localhost:6380. Connection refused."}
{"asctime": "2026-04-30 04:10:47,072", "levelname": "WARNING", "name": "app.main", "message": "metrics_logging_failed=Error 111 connecting to localhost:6380. Connection refused."}
{"asctime": "2026-04-30 04:10:52,074", "levelname": "WARNING", "name": "app.main", "message": "metrics_logging_failed=Error 111 connecting to localhost:6380. Connection refused."}
{"asctime": "2026-04-30 04:10:57,078", "levelname": "WARNING", "name": "app.main", "message": "metrics_logging_failed=Error 111 connecting to localhost:6380. Connection refused."}
{"asctime": "2026-04-30 04:11:02,080", "levelname": "WARNING", "name": "app.main", "message": "metrics_logging_failed=Error 111 connecting to localhost:6380. Connection refused."}
{"asctime": "2026-04-30 04:11:07,080", "levelname": "WARNING", "name": "app.main", "message": "metrics_logging_failed=Error 111 connecting to localhost:6380. Connection refused."}
{"asctime": "2026-04-30 04:11:12,082", "levelname": "WARNING", "name": "app.main", "message": "metrics_logging_failed=Error 111 connecting to localhost:6380. Connection refused."}
{"asctime": "2026-04-30 04:11:17,082", "levelname": "WARNING", "name": "app.main", "message": "metrics_logging_failed=Error 111 connecting to localhost:6380. Connection refused."}
{"asctime": "2026-04-30 04:11:22,085", "levelname": "WARNING", "name": "app.main", "message": "metrics_logging_failed=Error 111 connecting to localhost:6380. Connection refused."}
{"asctime": "2026-04-30 04:11:27,088", "levelname": "WARNING", "name": "app.main", "message": "metrics_logging_failed=Error 111 connecting to localhost:6380. Connection refused."}
{"asctime": "2026-04-30 04:11:32,092", "levelname": "WARNING", "name": "app.main", "message": "metrics_logging_failed=Error 111 connecting to localhost:6380. Connection refused."}
{"asctime": "2026-04-30 04:11:37,095", "levelname": "WARNING", "name": "app.main", "message": "metrics_logging_failed=Error 111 connecting to localhost:6380. Connection refused."}
{"asctime": "2026-04-30 04:11:42,096", "levelname": "WARNING", "name": "app.main", "message": "metrics_logging_failed=Error 111 connecting to localhost:6380. Connection refused."}
{"asctime": "2026-04-30 04:11:47,100", "levelname": "WARNING", "name": "app.main", "message": "metrics_logging_failed=Error 111 connecting to localhost:6380. Connection refused."}
{"asctime": "2026-04-30 04:11:52,103", "levelname": "WARNING", "name": "app.main", "message": "metrics_logging_failed=Error 111 connecting to localhost:6380. Connection refused."}
{"asctime": "2026-04-30 04:11:57,104", "levelname": "WARNING", "name": "app.main", "message": "metrics_logging_failed=Error 111 connecting to localhost:6380. Connection refused."}
{"asctime": "2026-04-30 04:12:02,106", "levelname": "WARNING", "name": "app.main", "message": "metrics_logging_failed=Error 111 connecting to localhost:6380. Connection refused."}
{"asctime": "2026-04-30 04:12:07,109", "levelname": "WARNING", "name": "app.main", "message": "metrics_logging_failed=Error 111 connecting to localhost:6380. Connection refused."}
{"asctime": "2026-04-30 04:12:12,111", "levelname": "WARNING", "name": "app.main", "message": "metrics_logging_failed=Error 111 connecting to localhost:6380. Connection refused."}
{"asctime": "2026-04-30 04:12:17,112", "levelname": "WARNING", "name": "app.main", "message": "metrics_logging_failed=Error 111 connecting to localhost:6380. Connection refused."}
{"asctime": "2026-04-30 04:12:22,114", "levelname": "WARNING", "name": "app.main", "message": "metrics_logging_failed=Error 111 connecting to localhost:6380. Connection refused."}
{"asctime": "2026-04-30 04:12:27,118", "levelname": "WARNING", "name": "app.main", "message": "metrics_logging_failed=Error 111 connecting to localhost:6380. Connection refused."}
{"asctime": "2026-04-30 04:12:32,122", "levelname": "WARNING", "name": "app.main", "message": "metrics_logging_failed=Error 111 connecting to localhost:6380. Connection refused."}
{"asctime": "2026-04-30 04:12:37,123", "levelname": "WARNING", "name": "app.main", "message": "metrics_logging_failed=Error 111 connecting to localhost:6380. Connection refused."}
{"asctime": "2026-04-30 04:12:42,126", "levelname": "WARNING", "name": "app.main", "message": "metrics_logging_failed=Error 111 connecting to localhost:6380. Connection refused."}
{"asctime": "2026-04-30 04:12:47,130", "levelname": "WARNING", "name": "app.main", "message": "metrics_logging_failed=Error 111 connecting to localhost:6380. Connection refused."}
{"asctime": "2026-04-30 04:12:52,132", "levelname": "WARNING", "name": "app.main", "message": "metrics_logging_failed=Error 111 connecting to localhost:6380. Connection refused."}
{"asctime": "2026-04-30 04:12:57,134", "levelname": "WARNING", "name": "app.main", "message": "metrics_logging_failed=Error 111 connecting to localhost:6380. Connection refused."}
{"asctime": "2026-04-30 04:13:02,137", "levelname": "WARNING", "name": "app.main", "message": "metrics_logging_failed=Error 111 connecting to localhost:6380. Connection refused."}
{"asctime": "2026-04-30 04:13:07,141", "levelname": "WARNING", "name": "app.main", "message": "metrics_logging_failed=Error 111 connecting to localhost:6380. Connection refused."}
{"asctime": "2026-04-30 04:13:12,144", "levelname": "WARNING", "name": "app.main", "message": "metrics_logging_failed=Error 111 connecting to localhost:6380. Connection refused."}
{"asctime": "2026-04-30 04:13:17,148", "levelname": "WARNING", "name": "app.main", "message": "metrics_logging_failed=Error 111 connecting to localhost:6380. Connection refused."}
{"asctime": "2026-04-30 04:13:22,151", "levelname": "WARNING", "name": "app.main", "message": "metrics_logging_failed=Error 111 connecting to localhost:6380. Connection refused."}
{"asctime": "2026-04-30 04:13:27,154", "levelname": "WARNING", "name": "app.main", "message": "metrics_logging_failed=Error 111 connecting to localhost:6380. Connection refused."}
{"asctime": "2026-04-30 04:13:32,156", "levelname": "WARNING", "name": "app.main", "message": "metrics_logging_failed=Error 111 connecting to localhost:6380. Connection refused."}
{"asctime": "2026-04-30 04:13:37,157", "levelname": "WARNING", "name": "app.main", "message": "metrics_logging_failed=Error 111 connecting to localhost:6380. Connection refused."}
{"asctime": "2026-04-30 04:13:42,160", "levelname": "WARNING", "name": "app.main", "message": "metrics_logging_failed=Error 111 connecting to localhost:6380. Connection refused."}
{"asctime": "2026-04-30 04:13:47,162", "levelname": "WARNING", "name": "app.main", "message": "metrics_logging_failed=Error 111 connecting to localhost:6380. Connection refused."}
{"asctime": "2026-04-30 04:13:52,164", "levelname": "WARNING", "name": "app.main", "message": "metrics_logging_failed=Error 111 connecting to localhost:6380. Connection refused."}
{"asctime": "2026-04-30 04:13:57,164", "levelname": "WARNING", "name": "app.main", "message": "metrics_logging_failed=Error 111 connecting to localhost:6380. Connection refused."}
{"asctime": "2026-04-30 04:14:02,166", "levelname": "WARNING", "name": "app.main", "message": "metrics_logging_failed=Error 111 connecting to localhost:6380. Connection refused."}
{"asctime": "2026-04-30 04:14:07,166", "levelname": "WARNING", "name": "app.main", "message": "metrics_logging_failed=Error 111 connecting to localhost:6380. Connection refused."}
{"asctime": "2026-04-30 04:14:12,169", "levelname": "WARNING", "name": "app.main", "message": "metrics_logging_failed=Error 111 connecting to localhost:6380. Connection refused."}
{"asctime": "2026-04-30 04:14:17,170", "levelname": "WARNING", "name": "app.main", "message": "metrics_logging_failed=Error 111 connecting to localhost:6380. Connection refused."}
{"asctime": "2026-04-30 04:14:22,171", "levelname": "WARNING", "name": "app.main", "message": "metrics_logging_failed=Error 111 connecting to localhost:6380. Connection refused."}
{"asctime": "2026-04-30 04:14:27,173", "levelname": "WARNING", "name": "app.main", "message": "metrics_logging_failed=Error 111 connecting to localhost:6380. Connection refused."}
{"asctime": "2026-04-30 04:14:32,175", "levelname": "WARNING", "name": "app.main", "message": "metrics_logging_failed=Error 111 connecting to localhost:6380. Connection refused."}
{"asctime": "2026-04-30 04:14:37,182", "levelname": "WARNING", "name": "app.main", "message": "metrics_logging_failed=Error 111 connecting to localhost:6380. Connection refused."}
{"asctime": "2026-04-30 04:14:42,185", "levelname": "WARNING", "name": "app.main", "message": "metrics_logging_failed=Error 111 connecting to localhost:6380. Connection refused."}
{"asctime": "2026-04-30 04:14:47,187", "levelname": "WARNING", "name": "app.main", "message": "metrics_logging_failed=Error 111 connecting to localhost:6380. Connection refused."}
{"asctime": "2026-04-30 04:14:52,189", "levelname": "WARNING", "name": "app.main", "message": "metrics_logging_failed=Error 111 connecting to localhost:6380. Connection refused."}
{"asctime": "2026-04-30 04:14:57,193", "levelname": "WARNING", "name": "app.main", "message": "metrics_logging_failed=Error 111 connecting to localhost:6380. Connection refused."}
{"asctime": "2026-04-30 04:15:02,195", "levelname": "WARNING", "name": "app.main", "message": "metrics_logging_failed=Error 111 connecting to localhost:6380. Connection refused."}
{"asctime": "2026-04-30 04:15:07,195", "levelname": "WARNING", "name": "app.main", "message": "metrics_logging_failed=Error 111 connecting to localhost:6380. Connection refused."}
{"asctime": "2026-04-30 04:15:12,196", "levelname": "WARNING", "name": "app.main", "message": "metrics_logging_failed=Error 111 connecting to localhost:6380. Connection refused."}
{"asctime": "2026-04-30 04:15:17,198", "levelname": "WARNING", "name": "app.main", "message": "metrics_logging_failed=Error 111 connecting to localhost:6380. Connection refused."}
{"asctime": "2026-04-30 04:15:22,200", "levelname": "WARNING", "name": "app.main", "message": "metrics_logging_failed=Error 111 connecting to localhost:6380. Connection refused."}
{"asctime": "2026-04-30 04:15:27,203", "levelname": "WARNING", "name": "app.main", "message": "metrics_logging_failed=Error 111 connecting to localhost:6380. Connection refused."}
{"asctime": "2026-04-30 04:15:32,210", "levelname": "WARNING", "name": "app.main", "message": "metrics_logging_failed=Error 111 connecting to localhost:6380. Connection refused."}
{"asctime": "2026-04-30 04:15:37,212", "levelname": "WARNING", "name": "app.main", "message": "metrics_logging_failed=Error 111 connecting to localhost:6380. Connection refused."}
{"asctime": "2026-04-30 04:15:42,214", "levelname": "WARNING", "name": "app.main", "message": "metrics_logging_failed=Error 111 connecting to localhost:6380. Connection refused."}
{"asctime": "2026-04-30 04:15:47,218", "levelname": "WARNING", "name": "app.main", "message": "metrics_logging_failed=Error 111 connecting to localhost:6380. Connection refused."}
{"asctime": "2026-04-30 04:15:52,222", "levelname": "WARNING", "name": "app.main", "message": "metrics_logging_failed=Error 111 connecting to localhost:6380. Connection refused."}
{"asctime": "2026-04-30 04:15:57,228", "levelname": "WARNING", "name": "app.main", "message": "metrics_logging_failed=Error 111 connecting to localhost:6380. Connection refused."}
{"asctime": "2026-04-30 04:16:02,231", "levelname": "WARNING", "name": "app.main", "message": "metrics_logging_failed=Error 111 connecting to localhost:6380. Connection refused."}
{"asctime": "2026-04-30 04:16:07,235", "levelname": "WARNING", "name": "app.main", "message": "metrics_logging_failed=Error 111 connecting to localhost:6380. Connection refused."}
{"asctime": "2026-04-30 04:16:12,238", "levelname": "WARNING", "name": "app.main", "message": "metrics_logging_failed=Error 111 connecting to localhost:6380. Connection refused."}
{"asctime": "2026-04-30 04:16:17,249", "levelname": "WARNING", "name": "app.main", "message": "metrics_logging_failed=Error 111 connecting to localhost:6380. Connection refused."}
{"asctime": "2026-04-30 04:16:22,251", "levelname": "WARNING", "name": "app.main", "message": "metrics_logging_failed=Error 111 connecting to localhost:6380. Connection refused."}
{"asctime": "2026-04-30 04:16:27,256", "levelname": "WARNING", "name": "app.main", "message": "metrics_logging_failed=Error 111 connecting to localhost:6380. Connection refused."}
{"asctime": "2026-04-30 04:16:32,259", "levelname": "WARNING", "name": "app.main", "message": "metrics_logging_failed=Error 111 connecting to localhost:6380. Connection refused."}
{"asctime": "2026-04-30 04:16:37,262", "levelname": "WARNING", "name": "app.main", "message": "metrics_logging_failed=Error 111 connecting to localhost:6380. Connection refused."}
{"asctime": "2026-04-30 04:16:42,264", "levelname": "WARNING", "name": "app.main", "message": "metrics_logging_failed=Error 111 connecting to localhost:6380. Connection refused."}
{"asctime": "2026-04-30 04:16:47,267", "levelname": "WARNING", "name": "app.main", "message": "metrics_logging_failed=Error 111 connecting to localhost:6380. Connection refused."}
{"asctime": "2026-04-30 04:16:52,268", "levelname": "WARNING", "name": "app.main", "message": "metrics_logging_failed=Error 111 connecting to localhost:6380. Connection refused."}
{"asctime": "2026-04-30 04:16:57,269", "levelname": "WARNING", "name": "app.main", "message": "metrics_logging_failed=Error 111 connecting to localhost:6380. Connection refused."}
{"asctime": "2026-04-30 04:17:02,272", "levelname": "WARNING", "name": "app.main", "message": "metrics_logging_failed=Error 111 connecting to localhost:6380. Connection refused."}
{"asctime": "2026-04-30 04:17:07,273", "levelname": "WARNING", "name": "app.main", "message": "metrics_logging_failed=Error 111 connecting to localhost:6380. Connection refused."}
{"asctime": "2026-04-30 04:17:12,274", "levelname": "WARNING", "name": "app.main", "message": "metrics_logging_failed=Error 111 connecting to localhost:6380. Connection refused."}
{"asctime": "2026-04-30 04:17:17,277", "levelname": "WARNING", "name": "app.main", "message": "metrics_logging_failed=Error 111 connecting to localhost:6380. Connection refused."}
{"asctime": "2026-04-30 04:17:22,279", "levelname": "WARNING", "name": "app.main", "message": "metrics_logging_failed=Error 111 connecting to localhost:6380. Connection refused."}
{"asctime": "2026-04-30 04:17:27,280", "levelname": "WARNING", "name": "app.main", "message": "metrics_logging_failed=Error 111 connecting to localhost:6380. Connection refused."}
{"asctime": "2026-04-30 04:17:32,281", "levelname": "WARNING", "name": "app.main", "message": "metrics_logging_failed=Error 111 connecting to localhost:6380. Connection refused."}
{"asctime": "2026-04-30 04:17:37,283", "levelname": "WARNING", "name": "app.main", "message": "metrics_logging_failed=Error 111 connecting to localhost:6380. Connection refused."}
{"asctime": "2026-04-30 04:17:42,286", "levelname": "WARNING", "name": "app.main", "message": "metrics_logging_failed=Error 111 connecting to localhost:6380. Connection refused."}
{"asctime": "2026-04-30 04:17:47,288", "levelname": "WARNING", "name": "app.main", "message": "metrics_logging_failed=Error 111 connecting to localhost:6380. Connection refused."}
{"asctime": "2026-04-30 04:17:52,289", "levelname": "WARNING", "name": "app.main", "message": "metrics_logging_failed=Error 111 connecting to localhost:6380. Connection refused."}
{"asctime": "2026-04-30 04:17:57,291", "levelname": "WARNING", "name": "app.main", "message": "metrics_logging_failed=Error 111 connecting to localhost:6380. Connection refused."}
{"asctime": "2026-04-30 04:18:02,291", "levelname": "WARNING", "name": "app.main", "message": "metrics_logging_failed=Error 111 connecting to localhost:6380. Connection refused."}
{"asctime": "2026-04-30 04:18:07,291", "levelname": "WARNING", "name": "app.main", "message": "metrics_logging_failed=Error 111 connecting to localhost:6380. Connection refused."}
{"asctime": "2026-04-30 04:18:12,293", "levelname": "WARNING", "name": "app.main", "message": "metrics_logging_failed=Error 111 connecting to localhost:6380. Connection refused."}
{"asctime": "2026-04-30 04:18:17,295", "levelname": "WARNING", "name": "app.main", "message": "metrics_logging_failed=Error 111 connecting to localhost:6380. Connection refused."}
{"asctime": "2026-04-30 04:18:22,296", "levelname": "WARNING", "name": "app.main", "message": "metrics_logging_failed=Error 111 connecting to localhost:6380. Connection refused."}
{"asctime": "2026-04-30 04:18:27,297", "levelname": "WARNING", "name": "app.main", "message": "metrics_logging_failed=Error 111 connecting to localhost:6380. Connection refused."}
{"asctime": "2026-04-30 04:18:32,299", "levelname": "WARNING", "name": "app.main", "message": "metrics_logging_failed=Error 111 connecting to localhost:6380. Connection refused."}
{"asctime": "2026-04-30 04:18:37,301", "levelname": "WARNING", "name": "app.main", "message": "metrics_logging_failed=Error 111 connecting to localhost:6380. Connection refused."}
{"asctime": "2026-04-30 04:18:42,302", "levelname": "WARNING", "name": "app.main", "message": "metrics_logging_failed=Error 111 connecting to localhost:6380. Connection refused."}
{"asctime": "2026-04-30 04:18:47,305", "levelname": "WARNING", "name": "app.main", "message": "metrics_logging_failed=Error 111 connecting to localhost:6380. Connection refused."}
{"asctime": "2026-04-30 04:18:52,309", "levelname": "WARNING", "name": "app.main", "message": "metrics_logging_failed=Error 111 connecting to localhost:6380. Connection refused."}
{"asctime": "2026-04-30 04:18:57,311", "levelname": "WARNING", "name": "app.main", "message": "metrics_logging_failed=Error 111 connecting to localhost:6380. Connection refused."}
{"asctime": "2026-04-30 04:19:02,313", "levelname": "WARNING", "name": "app.main", "message": "metrics_logging_failed=Error 111 connecting to localhost:6380. Connection refused."}
{"asctime": "2026-04-30 04:19:07,317", "levelname": "WARNING", "name": "app.main", "message": "metrics_logging_failed=Error 111 connecting to localhost:6380. Connection refused."}
{"asctime": "2026-04-30 04:19:12,320", "levelname": "WARNING", "name": "app.main", "message": "metrics_logging_failed=Error 111 connecting to localhost:6380. Connection refused."}
{"asctime": "2026-04-30 04:19:17,323", "levelname": "WARNING", "name": "app.main", "message": "metrics_logging_failed=Error 111 connecting to localhost:6380. Connection refused."}
{"asctime": "2026-04-30 04:19:22,324", "levelname": "WARNING", "name": "app.main", "message": "metrics_logging_failed=Error 111 connecting to localhost:6380. Connection refused."}
{"asctime": "2026-04-30 04:19:27,325", "levelname": "WARNING", "name": "app.main", "message": "metrics_logging_failed=Error 111 connecting to localhost:6380. Connection refused."}
{"asctime": "2026-04-30 04:19:32,328", "levelname": "WARNING", "name": "app.main", "message": "metrics_logging_failed=Error 111 connecting to localhost:6380. Connection refused."}
{"asctime": "2026-04-30 04:19:37,329", "levelname": "WARNING", "name": "app.main", "message": "metrics_logging_failed=Error 111 connecting to localhost:6380. Connection refused."}
{"asctime": "2026-04-30 04:19:42,330", "levelname": "WARNING", "name": "app.main", "message": "metrics_logging_failed=Error 111 connecting to localhost:6380. Connection refused."}
{"asctime": "2026-04-30 04:19:47,331", "levelname": "WARNING", "name": "app.main", "message": "metrics_logging_failed=Error 111 connecting to localhost:6380. Connection refused."}
{"asctime": "2026-04-30 04:19:52,332", "levelname": "WARNING", "name": "app.main", "message": "metrics_logging_failed=Error 111 connecting to localhost:6380. Connection refused."}
{"asctime": "2026-04-30 04:19:57,334", "levelname": "WARNING", "name": "app.main", "message": "metrics_logging_failed=Error 111 connecting to localhost:6380. Connection refused."}
{"asctime": "2026-04-30 04:20:02,337", "levelname": "WARNING", "name": "app.main", "message": "metrics_logging_failed=Error 111 connecting to localhost:6380. Connection refused."}
{"asctime": "2026-04-30 04:20:07,340", "levelname": "WARNING", "name": "app.main", "message": "metrics_logging_failed=Error 111 connecting to localhost:6380. Connection refused."}
{"asctime": "2026-04-30 04:20:12,343", "levelname": "WARNING", "name": "app.main", "message": "metrics_logging_failed=Error 111 connecting to localhost:6380. Connection refused."}
{"asctime": "2026-04-30 04:20:17,346", "levelname": "WARNING", "name": "app.main", "message": "metrics_logging_failed=Error 111 connecting to localhost:6380. Connection refused."}
{"asctime": "2026-04-30 04:20:22,347", "levelname": "WARNING", "name": "app.main", "message": "metrics_logging_failed=Error 111 connecting to localhost:6380. Connection refused."}
{"asctime": "2026-04-30 04:20:27,349", "levelname": "WARNING", "name": "app.main", "message": "metrics_logging_failed=Error 111 connecting to localhost:6380. Connection refused."}
{"asctime": "2026-04-30 04:20:32,351", "levelname": "WARNING", "name": "app.main", "message": "metrics_logging_failed=Error 111 connecting to localhost:6380. Connection refused."}
{"asctime": "2026-04-30 04:20:37,352", "levelname": "WARNING", "name": "app.main", "message": "metrics_logging_failed=Error 111 connecting to localhost:6380. Connection refused."}
{"asctime": "2026-04-30 04:20:42,353", "levelname": "WARNING", "name": "app.main", "message": "metrics_logging_failed=Error 111 connecting to localhost:6380. Connection refused."}
{"asctime": "2026-04-30 04:20:47,356", "levelname": "WARNING", "name": "app.main", "message": "metrics_logging_failed=Error 111 connecting to localhost:6380. Connection refused."}
{"asctime": "2026-04-30 04:20:52,359", "levelname": "WARNING", "name": "app.main", "message": "metrics_logging_failed=Error 111 connecting to localhost:6380. Connection refused."}
{"asctime": "2026-04-30 04:20:57,361", "levelname": "WARNING", "name": "app.main", "message": "metrics_logging_failed=Error 111 connecting to localhost:6380. Connection refused."}
{"asctime": "2026-04-30 04:21:02,364", "levelname": "WARNING", "name": "app.main", "message": "metrics_logging_failed=Error 111 connecting to localhost:6380. Connection refused."}
{"asctime": "2026-04-30 04:21:07,366", "levelname": "WARNING", "name": "app.main", "message": "metrics_logging_failed=Error 111 connecting to localhost:6380. Connection refused."}
{"asctime": "2026-04-30 04:21:12,368", "levelname": "WARNING", "name": "app.main", "message": "metrics_logging_failed=Error 111 connecting to localhost:6380. Connection refused."}
{"asctime": "2026-04-30 04:21:17,370", "levelname": "WARNING", "name": "app.main", "message": "metrics_logging_failed=Error 111 connecting to localhost:6380. Connection refused."}
{"asctime": "2026-04-30 04:21:22,372", "levelname": "WARNING", "name": "app.main", "message": "metrics_logging_failed=Error 111 connecting to localhost:6380. Connection refused."}
{"asctime": "2026-04-30 04:21:27,373", "levelname": "WARNING", "name": "app.main", "message": "metrics_logging_failed=Error 111 connecting to localhost:6380. Connection refused."}
{"asctime": "2026-04-30 04:21:32,374", "levelname": "WARNING", "name": "app.main", "message": "metrics_logging_failed=Error 111 connecting to localhost:6380. Connection refused."}
{"asctime": "2026-04-30 04:21:37,376", "levelname": "WARNING", "name": "app.main", "message": "metrics_logging_failed=Error 111 connecting to localhost:6380. Connection refused."}
{"asctime": "2026-04-30 04:21:42,378", "levelname": "WARNING", "name": "app.main", "message": "metrics_logging_failed=Error 111 connecting to localhost:6380. Connection refused."}
{"asctime": "2026-04-30 04:21:47,379", "levelname": "WARNING", "name": "app.main", "message": "metrics_logging_failed=Error 111 connecting to localhost:6380. Connection refused."}
{"asctime": "2026-04-30 04:21:52,383", "levelname": "WARNING", "name": "app.main", "message": "metrics_logging_failed=Error 111 connecting to localhost:6380. Connection refused."}
{"asctime": "2026-04-30 04:21:57,384", "levelname": "WARNING", "name": "app.main", "message": "metrics_logging_failed=Error 111 connecting to localhost:6380. Connection refused."}
{"asctime": "2026-04-30 04:22:02,386", "levelname": "WARNING", "name": "app.main", "message": "metrics_logging_failed=Error 111 connecting to localhost:6380. Connection refused."}
{"asctime": "2026-04-30 04:22:07,388", "levelname": "WARNING", "name": "app.main", "message": "metrics_logging_failed=Error 111 connecting to localhost:6380. Connection refused."}
{"asctime": "2026-04-30 04:22:12,390", "levelname": "WARNING", "name": "app.main", "message": "metrics_logging_failed=Error 111 connecting to localhost:6380. Connection refused."}
{"asctime": "2026-04-30 04:22:17,392", "levelname": "WARNING", "name": "app.main", "message": "metrics_logging_failed=Error 111 connecting to localhost:6380. Connection refused."}
{"asctime": "2026-04-30 04:22:22,394", "levelname": "WARNING", "name": "app.main", "message": "metrics_logging_failed=Error 111 connecting to localhost:6380. Connection refused."}
{"asctime": "2026-04-30 04:22:27,400", "levelname": "WARNING", "name": "app.main", "message": "metrics_logging_failed=Error 111 connecting to localhost:6380. Connection refused."}
{"asctime": "2026-04-30 04:22:32,401", "levelname": "WARNING", "name": "app.main", "message": "metrics_logging_failed=Error 111 connecting to localhost:6380. Connection refused."}
{"asctime": "2026-04-30 04:22:37,403", "levelname": "WARNING", "name": "app.main", "message": "metrics_logging_failed=Error 111 connecting to localhost:6380. Connection refused."}
{"asctime": "2026-04-30 04:22:42,404", "levelname": "WARNING", "name": "app.main", "message": "metrics_logging_failed=Error 111 connecting to localhost:6380. Connection refused."}
{"asctime": "2026-04-30 04:22:47,404", "levelname": "WARNING", "name": "app.main", "message": "metrics_logging_failed=Error 111 connecting to localhost:6380. Connection refused."}
{"asctime": "2026-04-30 04:22:52,405", "levelname": "WARNING", "name": "app.main", "message": "metrics_logging_failed=Error 111 connecting to localhost:6380. Connection refused."}
{"asctime": "2026-04-30 04:22:57,407", "levelname": "WARNING", "name": "app.main", "message": "metrics_logging_failed=Error 111 connecting to localhost:6380. Connection refused."}
{"asctime": "2026-04-30 04:23:02,409", "levelname": "WARNING", "name": "app.main", "message": "metrics_logging_failed=Error 111 connecting to localhost:6380. Connection refused."}
{"asctime": "2026-04-30 04:23:07,411", "levelname": "WARNING", "name": "app.main", "message": "metrics_logging_failed=Error 111 connecting to localhost:6380. Connection refused."}
{"asctime": "2026-04-30 04:23:12,411", "levelname": "WARNING", "name": "app.main", "message": "metrics_logging_failed=Error 111 connecting to localhost:6380. Connection refused."}
{"asctime": "2026-04-30 04:23:17,412", "levelname": "WARNING", "name": "app.main", "message": "metrics_logging_failed=Error 111 connecting to localhost:6380. Connection refused."}
{"asctime": "2026-04-30 04:23:22,415", "levelname": "WARNING", "name": "app.main", "message": "metrics_logging_failed=Error 111 connecting to localhost:6380. Connection refused."}
{"asctime": "2026-04-30 04:23:27,419", "levelname": "WARNING", "name": "app.main", "message": "metrics_logging_failed=Error 111 connecting to localhost:6380. Connection refused."}
{"asctime": "2026-04-30 04:23:32,422", "levelname": "WARNING", "name": "app.main", "message": "metrics_logging_failed=Error 111 connecting to localhost:6380. Connection refused."}
{"asctime": "2026-04-30 04:23:37,425", "levelname": "WARNING", "name": "app.main", "message": "metrics_logging_failed=Error 111 connecting to localhost:6380. Connection refused."}
{"asctime": "2026-04-30 04:23:42,428", "levelname": "WARNING", "name": "app.main", "message": "metrics_logging_failed=Error 111 connecting to localhost:6380. Connection refused."}
{"asctime": "2026-04-30 04:23:47,429", "levelname": "WARNING", "name": "app.main", "message": "metrics_logging_failed=Error 111 connecting to localhost:6380. Connection refused."}
{"asctime": "2026-04-30 04:23:52,430", "levelname": "WARNING", "name": "app.main", "message": "metrics_logging_failed=Error 111 connecting to localhost:6380. Connection refused."}
{"asctime": "2026-04-30 04:23:57,431", "levelname": "WARNING", "name": "app.main", "message": "metrics_logging_failed=Error 111 connecting to localhost:6380. Connection refused."}
{"asctime": "2026-04-30 04:24:02,433", "levelname": "WARNING", "name": "app.main", "message": "metrics_logging_failed=Error 111 connecting to localhost:6380. Connection refused."}
{"asctime": "2026-04-30 04:24:07,434", "levelname": "WARNING", "name": "app.main", "message": "metrics_logging_failed=Error 111 connecting to localhost:6380. Connection refused."}
{"asctime": "2026-04-30 04:24:12,434", "levelname": "WARNING", "name": "app.main", "message": "metrics_logging_failed=Error 111 connecting to localhost:6380. Connection refused."}
{"asctime": "2026-04-30 04:24:17,436", "levelname": "WARNING", "name": "app.main", "message": "metrics_logging_failed=Error 111 connecting to localhost:6380. Connection refused."}
{"asctime": "2026-04-30 04:24:22,442", "levelname": "WARNING", "name": "app.main", "message": "metrics_logging_failed=Error 111 connecting to localhost:6380. Connection refused."}
{"asctime": "2026-04-30 04:24:27,445", "levelname": "WARNING", "name": "app.main", "message": "metrics_logging_failed=Error 111 connecting to localhost:6380. Connection refused."}
{"asctime": "2026-04-30 04:24:32,447", "levelname": "WARNING", "name": "app.main", "message": "metrics_logging_failed=Error 111 connecting to localhost:6380. Connection refused."}
{"asctime": "2026-04-30 04:24:37,448", "levelname": "WARNING", "name": "app.main", "message": "metrics_logging_failed=Error 111 connecting to localhost:6380. Connection refused."}
{"asctime": "2026-04-30 04:24:42,450", "levelname": "WARNING", "name": "app.main", "message": "metrics_logging_failed=Error 111 connecting to localhost:6380. Connection refused."}
{"asctime": "2026-04-30 04:24:47,450", "levelname": "WARNING", "name": "app.main", "message": "metrics_logging_failed=Error 111 connecting to localhost:6380. Connection refused."}
{"asctime": "2026-04-30 04:24:52,452", "levelname": "WARNING", "name": "app.main", "message": "metrics_logging_failed=Error 111 connecting to localhost:6380. Connection refused."}
{"asctime": "2026-04-30 04:24:57,454", "levelname": "WARNING", "name": "app.main", "message": "metrics_logging_failed=Error 111 connecting to localhost:6380. Connection refused."}
{"asctime": "2026-04-30 04:25:02,456", "levelname": "WARNING", "name": "app.main", "message": "metrics_logging_failed=Error 111 connecting to localhost:6380. Connection refused."}
{"asctime": "2026-04-30 04:25:07,459", "levelname": "WARNING", "name": "app.main", "message": "metrics_logging_failed=Error 111 connecting to localhost:6380. Connection refused."}
{"asctime": "2026-04-30 04:25:12,462", "levelname": "WARNING", "name": "app.main", "message": "metrics_logging_failed=Error 111 connecting to localhost:6380. Connection refused."}
{"asctime": "2026-04-30 04:25:17,464", "levelname": "WARNING", "name": "app.main", "message": "metrics_logging_failed=Error 111 connecting to localhost:6380. Connection refused."}
{"asctime": "2026-04-30 04:25:22,466", "levelname": "WARNING", "name": "app.main", "message": "metrics_logging_failed=Error 111 connecting to localhost:6380. Connection refused."}
{"asctime": "2026-04-30 04:25:27,468", "levelname": "WARNING", "name": "app.main", "message": "metrics_logging_failed=Error 111 connecting to localhost:6380. Connection refused."}
{"asctime": "2026-04-30 04:25:32,470", "levelname": "WARNING", "name": "app.main", "message": "metrics_logging_failed=Error 111 connecting to localhost:6380. Connection refused."}
{"asctime": "2026-04-30 04:25:37,473", "levelname": "WARNING", "name": "app.main", "message": "metrics_logging_failed=Error 111 connecting to localhost:6380. Connection refused."}
{"asctime": "2026-04-30 04:25:42,476", "levelname": "WARNING", "name": "app.main", "message": "metrics_logging_failed=Error 111 connecting to localhost:6380. Connection refused."}
{"asctime": "2026-04-30 04:25:47,480", "levelname": "WARNING", "name": "app.main", "message": "metrics_logging_failed=Error 111 connecting to localhost:6380. Connection refused."}
{"asctime": "2026-04-30 04:25:52,484", "levelname": "WARNING", "name": "app.main", "message": "metrics_logging_failed=Error 111 connecting to localhost:6380. Connection refused."}
{"asctime": "2026-04-30 04:25:57,486", "levelname": "WARNING", "name": "app.main", "message": "metrics_logging_failed=Error 111 connecting to localhost:6380. Connection refused."}
{"asctime": "2026-04-30 04:26:02,487", "levelname": "WARNING", "name": "app.main", "message": "metrics_logging_failed=Error 111 connecting to localhost:6380. Connection refused."}
{"asctime": "2026-04-30 04:26:07,488", "levelname": "WARNING", "name": "app.main", "message": "metrics_logging_failed=Error 111 connecting to localhost:6380. Connection refused."}
{"asctime": "2026-04-30 04:26:12,490", "levelname": "WARNING", "name": "app.main", "message": "metrics_logging_failed=Error 111 connecting to localhost:6380. Connection refused."}
{"asctime": "2026-04-30 04:26:17,496", "levelname": "WARNING", "name": "app.main", "message": "metrics_logging_failed=Error 111 connecting to localhost:6380. Connection refused."}
{"asctime": "2026-04-30 04:26:22,496", "levelname": "WARNING", "name": "app.main", "message": "metrics_logging_failed=Error 111 connecting to localhost:6380. Connection refused."}
{"asctime": "2026-04-30 04:26:27,500", "levelname": "WARNING", "name": "app.main", "message": "metrics_logging_failed=Error 111 connecting to localhost:6380. Connection refused."}
{"asctime": "2026-04-30 04:26:32,502", "levelname": "WARNING", "name": "app.main", "message": "metrics_logging_failed=Error 111 connecting to localhost:6380. Connection refused."}
{"asctime": "2026-04-30 04:26:37,503", "levelname": "WARNING", "name": "app.main", "message": "metrics_logging_failed=Error 111 connecting to localhost:6380. Connection refused."}
{"asctime": "2026-04-30 04:26:42,505", "levelname": "WARNING", "name": "app.main", "message": "metrics_logging_failed=Error 111 connecting to localhost:6380. Connection refused."}
{"asctime": "2026-04-30 04:26:47,507", "levelname": "WARNING", "name": "app.main", "message": "metrics_logging_failed=Error 111 connecting to localhost:6380. Connection refused."}
{"asctime": "2026-04-30 04:26:52,509", "levelname": "WARNING", "name": "app.main", "message": "metrics_logging_failed=Error 111 connecting to localhost:6380. Connection refused."}
{"asctime": "2026-04-30 04:26:57,509", "levelname": "WARNING", "name": "app.main", "message": "metrics_logging_failed=Error 111 connecting to localhost:6380. Connection refused."}
{"asctime": "2026-04-30 04:27:02,510", "levelname": "WARNING", "name": "app.main", "message": "metrics_logging_failed=Error 111 connecting to localhost:6380. Connection refused."}
{"asctime": "2026-04-30 04:27:07,511", "levelname": "WARNING", "name": "app.main", "message": "metrics_logging_failed=Error 111 connecting to localhost:6380. Connection refused."}
{"asctime": "2026-04-30 04:27:12,513", "levelname": "WARNING", "name": "app.main", "message": "metrics_logging_failed=Error 111 connecting to localhost:6380. Connection refused."}
{"asctime": "2026-04-30 04:27:17,513", "levelname": "WARNING", "name": "app.main", "message": "metrics_logging_failed=Error 111 connecting to localhost:6380. Connection refused."}
{"asctime": "2026-04-30 04:27:22,514", "levelname": "WARNING", "name": "app.main", "message": "metrics_logging_failed=Error 111 connecting to localhost:6380. Connection refused."}
{"asctime": "2026-04-30 04:27:27,515", "levelname": "WARNING", "name": "app.main", "message": "metrics_logging_failed=Error 111 connecting to localhost:6380. Connection refused."}
{"asctime": "2026-04-30 04:27:32,519", "levelname": "WARNING", "name": "app.main", "message": "metrics_logging_failed=Error 111 connecting to localhost:6380. Connection refused."}
{"asctime": "2026-04-30 04:27:37,520", "levelname": "WARNING", "name": "app.main", "message": "metrics_logging_failed=Error 111 connecting to localhost:6380. Connection refused."}
{"asctime": "2026-04-30 04:27:42,524", "levelname": "WARNING", "name": "app.main", "message": "metrics_logging_failed=Error 111 connecting to localhost:6380. Connection refused."}
{"asctime": "2026-04-30 04:27:47,527", "levelname": "WARNING", "name": "app.main", "message": "metrics_logging_failed=Error 111 connecting to localhost:6380. Connection refused."}
{"asctime": "2026-04-30 04:27:52,530", "levelname": "WARNING", "name": "app.main", "message": "metrics_logging_failed=Error 111 connecting to localhost:6380. Connection refused."}
{"asctime": "2026-04-30 04:27:57,532", "levelname": "WARNING", "name": "app.main", "message": "metrics_logging_failed=Error 111 connecting to localhost:6380. Connection refused."}
{"asctime": "2026-04-30 04:28:02,534", "levelname": "WARNING", "name": "app.main", "message": "metrics_logging_failed=Error 111 connecting to localhost:6380. Connection refused."}
{"asctime": "2026-04-30 04:28:07,537", "levelname": "WARNING", "name": "app.main", "message": "metrics_logging_failed=Error 111 connecting to localhost:6380. Connection refused."}
{"asctime": "2026-04-30 04:28:12,542", "levelname": "WARNING", "name": "app.main", "message": "metrics_logging_failed=Error 111 connecting to localhost:6380. Connection refused."}
{"asctime": "2026-04-30 04:28:17,545", "levelname": "WARNING", "name": "app.main", "message": "metrics_logging_failed=Error 111 connecting to localhost:6380. Connection refused."}
{"asctime": "2026-04-30 04:28:22,546", "levelname": "WARNING", "name": "app.main", "message": "metrics_logging_failed=Error 111 connecting to localhost:6380. Connection refused."}
{"asctime": "2026-04-30 04:28:27,548", "levelname": "WARNING", "name": "app.main", "message": "metrics_logging_failed=Error 111 connecting to localhost:6380. Connection refused."}
{"asctime": "2026-04-30 04:28:32,549", "levelname": "WARNING", "name": "app.main", "message": "metrics_logging_failed=Error 111 connecting to localhost:6380. Connection refused."}
{"asctime": "2026-04-30 04:28:37,550", "levelname": "WARNING", "name": "app.main", "message": "metrics_logging_failed=Error 111 connecting to localhost:6380. Connection refused."}
{"asctime": "2026-04-30 04:28:42,552", "levelname": "WARNING", "name": "app.main", "message": "metrics_logging_failed=Error 111 connecting to localhost:6380. Connection refused."}
{"asctime": "2026-04-30 04:28:47,556", "levelname": "WARNING", "name": "app.main", "message": "metrics_logging_failed=Error 111 connecting to localhost:6380. Connection refused."}
{"asctime": "2026-04-30 04:28:52,557", "levelname": "WARNING", "name": "app.main", "message": "metrics_logging_failed=Error 111 connecting to localhost:6380. Connection refused."}
{"asctime": "2026-04-30 04:28:57,558", "levelname": "WARNING", "name": "app.main", "message": "metrics_logging_failed=Error 111 connecting to localhost:6380. Connection refused."}
{"asctime": "2026-04-30 04:29:02,559", "levelname": "WARNING", "name": "app.main", "message": "metrics_logging_failed=Error 111 connecting to localhost:6380. Connection refused."}
{"asctime": "2026-04-30 04:29:07,574", "levelname": "WARNING", "name": "app.main", "message": "metrics_logging_failed=Error 111 connecting to localhost:6380. Connection refused."}
{"asctime": "2026-04-30 04:29:12,575", "levelname": "WARNING", "name": "app.main", "message": "metrics_logging_failed=Error 111 connecting to localhost:6380. Connection refused."}
{"asctime": "2026-04-30 04:29:17,577", "levelname": "WARNING", "name": "app.main", "message": "metrics_logging_failed=Error 111 connecting to localhost:6380. Connection refused."}
{"asctime": "2026-04-30 04:29:22,579", "levelname": "WARNING", "name": "app.main", "message": "metrics_logging_failed=Error 111 connecting to localhost:6380. Connection refused."}
{"asctime": "2026-04-30 04:29:27,580", "levelname": "WARNING", "name": "app.main", "message": "metrics_logging_failed=Error 111 connecting to localhost:6380. Connection refused."}
{"asctime": "2026-04-30 04:29:32,582", "levelname": "WARNING", "name": "app.main", "message": "metrics_logging_failed=Error 111 connecting to localhost:6380. Connection refused."}
{"asctime": "2026-04-30 04:29:37,585", "levelname": "WARNING", "name": "app.main", "message": "metrics_logging_failed=Error 111 connecting to localhost:6380. Connection refused."}
{"asctime": "2026-04-30 04:29:42,591", "levelname": "WARNING", "name": "app.main", "message": "metrics_logging_failed=Error 111 connecting to localhost:6380. Connection refused."}
{"asctime": "2026-04-30 04:29:47,593", "levelname": "WARNING", "name": "app.main", "message": "metrics_logging_failed=Error 111 connecting to localhost:6380. Connection refused."}
{"asctime": "2026-04-30 04:29:52,594", "levelname": "WARNING", "name": "app.main", "message": "metrics_logging_failed=Error 111 connecting to localhost:6380. Connection refused."}
{"asctime": "2026-04-30 04:29:57,597", "levelname": "WARNING", "name": "app.main", "message": "metrics_logging_failed=Error 111 connecting to localhost:6380. Connection refused."}
{"asctime": "2026-04-30 04:30:02,599", "levelname": "WARNING", "name": "app.main", "message": "metrics_logging_failed=Error 111 connecting to localhost:6380. Connection refused."}
{"asctime": "2026-04-30 04:30:07,600", "levelname": "WARNING", "name": "app.main", "message": "metrics_logging_failed=Error 111 connecting to localhost:6380. Connection refused."}
{"asctime": "2026-04-30 04:30:12,601", "levelname": "WARNING", "name": "app.main", "message": "metrics_logging_failed=Error 111 connecting to localhost:6380. Connection refused."}
{"asctime": "2026-04-30 04:30:17,604", "levelname": "WARNING", "name": "app.main", "message": "metrics_logging_failed=Error 111 connecting to localhost:6380. Connection refused."}
{"asctime": "2026-04-30 04:30:22,606", "levelname": "WARNING", "name": "app.main", "message": "metrics_logging_failed=Error 111 connecting to localhost:6380. Connection refused."}
{"asctime": "2026-04-30 04:30:27,609", "levelname": "WARNING", "name": "app.main", "message": "metrics_logging_failed=Error 111 connecting to localhost:6380. Connection refused."}
{"asctime": "2026-04-30 04:30:32,612", "levelname": "WARNING", "name": "app.main", "message": "metrics_logging_failed=Error 111 connecting to localhost:6380. Connection refused."}
{"asctime": "2026-04-30 04:30:37,614", "levelname": "WARNING", "name": "app.main", "message": "metrics_logging_failed=Error 111 connecting to localhost:6380. Connection refused."}
{"asctime": "2026-04-30 04:30:42,618", "levelname": "WARNING", "name": "app.main", "message": "metrics_logging_failed=Error 111 connecting to localhost:6380. Connection refused."}
{"asctime": "2026-04-30 04:30:47,623", "levelname": "WARNING", "name": "app.main", "message": "metrics_logging_failed=Error 111 connecting to localhost:6380. Connection refused."}
{"asctime": "2026-04-30 04:30:52,626", "levelname": "WARNING", "name": "app.main", "message": "metrics_logging_failed=Error 111 connecting to localhost:6380. Connection refused."}
{"asctime": "2026-04-30 04:30:57,629", "levelname": "WARNING", "name": "app.main", "message": "metrics_logging_failed=Error 111 connecting to localhost:6380. Connection refused."}
{"asctime": "2026-04-30 04:31:02,633", "levelname": "WARNING", "name": "app.main", "message": "metrics_logging_failed=Error 111 connecting to localhost:6380. Connection refused."}
{"asctime": "2026-04-30 04:31:07,637", "levelname": "WARNING", "name": "app.main", "message": "metrics_logging_failed=Error 111 connecting to localhost:6380. Connection refused."}
{"asctime": "2026-04-30 04:31:12,640", "levelname": "WARNING", "name": "app.main", "message": "metrics_logging_failed=Error 111 connecting to localhost:6380. Connection refused."}
{"asctime": "2026-04-30 04:31:17,641", "levelname": "WARNING", "name": "app.main", "message": "metrics_logging_failed=Error 111 connecting to localhost:6380. Connection refused."}
{"asctime": "2026-04-30 04:31:22,644", "levelname": "WARNING", "name": "app.main", "message": "metrics_logging_failed=Error 111 connecting to localhost:6380. Connection refused."}
