{"asctime": "2026-04-30 03:47:08,901", "levelname": "INFO", "name": "__main__", "message": "processed_signal=72d6aa93-fefa-4723-b92a-9f7a8e1a7924"}
{"asctime": "2026-04-30 03:52:50,896", "levelname": "INFO", "name": "__main__", "message": "processed_signal=fb22321e-9c00-4e0d-b2af-04eb445b97f0"}
Traceback (most recent call last):
  File "<frozen runpy>", line 198, in _run_module_as_main
  File "<frozen runpy>", line 88, in _run_code
  File "/home/azhar/IMS/backend/app/worker.py", line 47, in <module>
    main()
  File "/home/azhar/IMS/backend/app/worker.py", line 43, in main
    asyncio.run(consume_signals())
  File "/usr/lib/python3.12/asyncio/runners.py", line 194, in run
    return runner.run(main)
           ^^^^^^^^^^^^^^^^
  File "/usr/lib/python3.12/asyncio/runners.py", line 118, in run
    return self._loop.run_until_complete(task)
           ^^^^^^^^^^^^^^^^^^^^^^^^^^^^^^^^^^^
  File "/usr/lib/python3.12/asyncio/base_events.py", line 687, in run_until_complete
    return future.result()
           ^^^^^^^^^^^^^^^
  File "/home/azhar/IMS/backend/app/worker.py", line 26, in consume_signals
    events = await redis.xreadgroup("ims-workers", "worker-1", {settings.worker_stream: ">"}, count=100, block=5000)
             ^^^^^^^^^^^^^^^^^^^^^^^^^^^^^^^^^^^^^^^^^^^^^^^^^^^^^^^^^^^^^^^^^^^^^^^^^^^^^^^^^^^^^^^^^^^^^^^^^^^^^^^
  File "/home/azhar/IMS/.venv/lib/python3.12/site-packages/redis/commands/core.py", line 4536, in _record_and_return
    actual_response = await response
                      ^^^^^^^^^^^^^^
  File "/home/azhar/IMS/.venv/lib/python3.12/site-packages/redis/asyncio/client.py", line 781, in execute_command
    result = await conn.retry.call_with_retry(
             ^^^^^^^^^^^^^^^^^^^^^^^^^^^^^^^^^
  File "/home/azhar/IMS/.venv/lib/python3.12/site-packages/redis/asyncio/retry.py", line 81, in call_with_retry
    raise error
  File "/home/azhar/IMS/.venv/lib/python3.12/site-packages/redis/asyncio/retry.py", line 69, in call_with_retry
    return await do()
           ^^^^^^^^^^
  File "/home/azhar/IMS/.venv/lib/python3.12/site-packages/redis/asyncio/client.py", line 722, in _send_command_parse_response
    return await self.parse_response(conn, command_name, **options)
           ^^^^^^^^^^^^^^^^^^^^^^^^^^^^^^^^^^^^^^^^^^^^^^^^^^^^^^^^
  File "/home/azhar/IMS/.venv/lib/python3.12/site-packages/redis/asyncio/client.py", line 823, in parse_response
    response = await connection.read_response()
               ^^^^^^^^^^^^^^^^^^^^^^^^^^^^^^^^
  File "/home/azhar/IMS/.venv/lib/python3.12/site-packages/redis/asyncio/connection.py", line 734, in read_response
    response = await self._parser.read_response(
               ^^^^^^^^^^^^^^^^^^^^^^^^^^^^^^^^^
  File "/home/azhar/IMS/.venv/lib/python3.12/site-packages/redis/_parsers/resp2.py", line 82, in read_response
    response = await self._read_response(disable_decoding=disable_decoding)
               ^^^^^^^^^^^^^^^^^^^^^^^^^^^^^^^^^^^^^^^^^^^^^^^^^^^^^^^^^^^^
  File "/home/azhar/IMS/.venv/lib/python3.12/site-packages/redis/_parsers/resp2.py", line 90, in _read_response
    raw = await self._readline()
          ^^^^^^^^^^^^^^^^^^^^^^
  File "/home/azhar/IMS/.venv/lib/python3.12/site-packages/redis/_parsers/base.py", line 561, in _readline
    raise ConnectionError(SERVER_CLOSED_CONNECTION_ERROR)
redis.exceptions.ConnectionError: Connection closed by server.
